<?xml version="1.0" encoding="UTF-8"?>
<testsuite name="com.tads.gcms.Pratica05Test" tests="1" skipped="0" failures="0" errors="0" timestamp="2023-01-11T20:41:23" hostname="fedora" time="0.034">
  <properties/>
  <testcase name="testMethod()" classname="com.tads.gcms.Pratica05Test" time="0.034"/>
  <system-out><![CDATA[]]></system-out>
  <system-err><![CDATA[]]></system-err>
</testsuite>
